<?xml version="1.0" encoding="UTF-8"?>
<!-- Generated by org.testng.reporters.JUnitReportReporter -->
<testsuite skipped="0" hostname="DESKTOP-O4GINOU" name="TestExceute.ExceuteTest" tests="1" failures="0" timestamp="29 Mar 2020 03:06:08 GMT" time="9.476" errors="0">
  <testcase name="execute" time="9.476" classname="TestExceute.ExceuteTest"/>
</testsuite> <!-- TestExceute.ExceuteTest -->
